<?xml version="1.0" encoding="UTF-8"?>
<coverage generated="1714873470682" clover="3.2.0">
  <project timestamp="1714873470682" name="All files">
    <metrics statements="74" coveredstatements="59" conditionals="16" coveredconditionals="8" methods="39" coveredmethods="27" elements="129" coveredelements="94" complexity="0" loc="74" ncloc="74" packages="1" files="2" classes="2"/>
    <file name="Todo.js" path="/home/gautam/programming/todoList/classes/Todo.js">
      <metrics statements="19" coveredstatements="13" conditionals="6" coveredconditionals="2" methods="8" coveredmethods="5"/>
      <line num="3" count="0" type="cond" truecount="0" falsecount="2"/>
      <line num="4" count="0" type="cond" truecount="0" falsecount="2"/>
      <line num="5" count="0" type="stmt"/>
      <line num="6" count="0" type="stmt"/>
      <line num="7" count="0" type="stmt"/>
      <line num="10" count="1" type="stmt"/>
      <line num="12" count="1" type="stmt"/>
      <line num="15" count="66" type="stmt"/>
      <line num="16" count="66" type="stmt"/>
      <line num="20" count="9" type="cond" truecount="2" falsecount="0"/>
      <line num="21" count="9" type="stmt"/>
      <line num="25" count="14" type="stmt"/>
      <line num="29" count="1" type="stmt"/>
      <line num="33" count="21" type="stmt"/>
      <line num="37" count="0" type="stmt"/>
      <line num="41" count="1" type="stmt"/>
      <line num="42" count="1" type="stmt"/>
      <line num="43" count="1" type="stmt"/>
      <line num="54" count="1" type="stmt"/>
    </file>
    <file name="TodoList.js" path="/home/gautam/programming/todoList/classes/TodoList.js">
      <metrics statements="55" coveredstatements="46" conditionals="10" coveredconditionals="6" methods="31" coveredmethods="22"/>
      <line num="1" count="1" type="stmt"/>
      <line num="5" count="21" type="stmt"/>
      <line num="6" count="21" type="stmt"/>
      <line num="10" count="66" type="stmt"/>
      <line num="11" count="65" type="stmt"/>
      <line num="12" count="65" type="cond" truecount="2" falsecount="0"/>
      <line num="13" count="64" type="stmt"/>
      <line num="14" count="64" type="stmt"/>
      <line num="18" count="1" type="stmt"/>
      <line num="22" count="1" type="stmt"/>
      <line num="26" count="1" type="stmt"/>
      <line num="30" count="9" type="cond" truecount="2" falsecount="0"/>
      <line num="34" count="7" type="stmt"/>
      <line num="35" count="4" type="stmt"/>
      <line num="39" count="2" type="stmt"/>
      <line num="43" count="2" type="stmt"/>
      <line num="47" count="7" type="stmt"/>
      <line num="51" count="1" type="stmt"/>
      <line num="55" count="1" type="stmt"/>
      <line num="59" count="2" type="stmt"/>
      <line num="60" count="1" type="stmt"/>
      <line num="64" count="3" type="stmt"/>
      <line num="65" count="9" type="stmt"/>
      <line num="66" count="3" type="stmt"/>
      <line num="67" count="3" type="stmt"/>
      <line num="71" count="3" type="stmt"/>
      <line num="75" count="1" type="stmt"/>
      <line num="76" count="1" type="stmt"/>
      <line num="77" count="3" type="cond" truecount="2" falsecount="0"/>
      <line num="79" count="1" type="stmt"/>
      <line num="84" count="0" type="stmt"/>
      <line num="85" count="0" type="cond" truecount="0" falsecount="2"/>
      <line num="87" count="0" type="stmt"/>
      <line num="91" count="0" type="stmt"/>
      <line num="95" count="0" type="stmt"/>
      <line num="99" count="0" type="stmt"/>
      <line num="100" count="0" type="cond" truecount="0" falsecount="2"/>
      <line num="101" count="0" type="stmt"/>
      <line num="105" count="3" type="stmt"/>
      <line num="109" count="0" type="stmt"/>
      <line num="113" count="9" type="stmt"/>
      <line num="117" count="1" type="stmt"/>
      <line num="119" count="1" type="stmt"/>
      <line num="120" count="1" type="stmt"/>
      <line num="121" count="1" type="stmt"/>
      <line num="122" count="1" type="stmt"/>
      <line num="123" count="1" type="stmt"/>
      <line num="124" count="1" type="stmt"/>
      <line num="126" count="1" type="stmt"/>
      <line num="127" count="1" type="stmt"/>
      <line num="128" count="1" type="stmt"/>
      <line num="129" count="1" type="stmt"/>
      <line num="130" count="1" type="stmt"/>
      <line num="131" count="1" type="stmt"/>
      <line num="136" count="1" type="stmt"/>
    </file>
  </project>
</coverage>
