{"/home/gautam/programming/todoList/classes/Todo.js": {"path":"/home/gautam/programming/todoList/classes/Todo.js","statementMap":{"0":{"start":{"line":3,"column":21},"end":{"line":3,"column":64}},"1":{"start":{"line":4,"column":4},"end":{"line":4,"column":32}},"2":{"start":{"line":4,"column":19},"end":{"line":4,"column":32}},"3":{"start":{"line":5,"column":21},"end":{"line":5,"column":44}},"4":{"start":{"line":6,"column":22},"end":{"line":6,"column":40}},"5":{"start":{"line":7,"column":4},"end":{"line":7,"column":60}},"6":{"start":{"line":7,"column":35},"end":{"line":7,"column":58}},"7":{"start":{"line":10,"column":23},"end":{"line":10,"column":26}},"8":{"start":{"line":12,"column":25},"end":{"line":12,"column":28}},"9":{"start":{"line":15,"column":4},"end":{"line":15,"column":23}},"10":{"start":{"line":16,"column":4},"end":{"line":16,"column":22}},"11":{"start":{"line":20,"column":19},"end":{"line":20,"column":72}},"12":{"start":{"line":21,"column":4},"end":{"line":21,"column":39}},"13":{"start":{"line":25,"column":4},"end":{"line":25,"column":21}},"14":{"start":{"line":29,"column":4},"end":{"line":29,"column":22}},"15":{"start":{"line":33,"column":4},"end":{"line":33,"column":21}},"16":{"start":{"line":37,"column":4},"end":{"line":37,"column":22}},"17":{"start":{"line":41,"column":14},"end":{"line":41,"column":34}},"18":{"start":{"line":42,"column":14},"end":{"line":42,"column":36}},"19":{"start":{"line":43,"column":14},"end":{"line":43,"column":39}},"20":{"start":{"line":54,"column":0},"end":{"line":54,"column":22}}},"fnMap":{"0":{"name":"(anonymous_0)","decl":{"start":{"line":2,"column":2},"end":{"line":2,"column":3}},"loc":{"start":{"line":2,"column":28},"end":{"line":8,"column":3}},"line":2},"1":{"name":"(anonymous_1)","decl":{"start":{"line":7,"column":26},"end":{"line":7,"column":27}},"loc":{"start":{"line":7,"column":35},"end":{"line":7,"column":58}},"line":7},"2":{"name":"(anonymous_2)","decl":{"start":{"line":14,"column":2},"end":{"line":14,"column":3}},"loc":{"start":{"line":14,"column":21},"end":{"line":17,"column":3}},"line":14},"3":{"name":"(anonymous_3)","decl":{"start":{"line":19,"column":2},"end":{"line":19,"column":3}},"loc":{"start":{"line":19,"column":13},"end":{"line":22,"column":3}},"line":19},"4":{"name":"(anonymous_4)","decl":{"start":{"line":24,"column":2},"end":{"line":24,"column":3}},"loc":{"start":{"line":24,"column":13},"end":{"line":26,"column":3}},"line":24},"5":{"name":"(anonymous_5)","decl":{"start":{"line":28,"column":2},"end":{"line":28,"column":3}},"loc":{"start":{"line":28,"column":15},"end":{"line":30,"column":3}},"line":28},"6":{"name":"(anonymous_6)","decl":{"start":{"line":32,"column":2},"end":{"line":32,"column":3}},"loc":{"start":{"line":32,"column":11},"end":{"line":34,"column":3}},"line":32},"7":{"name":"(anonymous_7)","decl":{"start":{"line":36,"column":2},"end":{"line":36,"column":3}},"loc":{"start":{"line":36,"column":13},"end":{"line":38,"column":3}},"line":36}},"branchMap":{"0":{"loc":{"start":{"line":3,"column":21},"end":{"line":3,"column":64}},"type":"binary-expr","locations":[{"start":{"line":3,"column":21},"end":{"line":3,"column":46}},{"start":{"line":3,"column":50},"end":{"line":3,"column":64}}],"line":3},"1":{"loc":{"start":{"line":4,"column":4},"end":{"line":4,"column":32}},"type":"if","locations":[{"start":{"line":4,"column":4},"end":{"line":4,"column":32}},{"start":{},"end":{}}],"line":4},"2":{"loc":{"start":{"line":20,"column":19},"end":{"line":20,"column":72}},"type":"cond-expr","locations":[{"start":{"line":20,"column":35},"end":{"line":20,"column":51}},{"start":{"line":20,"column":54},"end":{"line":20,"column":72}}],"line":20}},"s":{"0":0,"1":0,"2":0,"3":0,"4":0,"5":0,"6":0,"7":1,"8":1,"9":66,"10":66,"11":9,"12":9,"13":14,"14":1,"15":21,"16":0,"17":1,"18":1,"19":1,"20":1},"f":{"0":0,"1":0,"2":66,"3":9,"4":14,"5":1,"6":21,"7":0},"b":{"0":[0,0],"1":[0,0],"2":[4,5]},"_coverageSchema":"1a1c01bbd47fc00a2c39e90264f33305004495a9","hash":"d2b2e041636ccf90fc6420d81216b45eb6dd7d99"}
,"/home/gautam/programming/todoList/classes/TodoList.js": {"path":"/home/gautam/programming/todoList/classes/TodoList.js","statementMap":{"0":{"start":{"line":1,"column":13},"end":{"line":1,"column":30}},"1":{"start":{"line":5,"column":4},"end":{"line":5,"column":23}},"2":{"start":{"line":6,"column":4},"end":{"line":6,"column":20}},"3":{"start":{"line":10,"column":19},"end":{"line":10,"column":51}},"4":{"start":{"line":10,"column":30},"end":{"line":10,"column":51}},"5":{"start":{"line":11,"column":23},"end":{"line":11,"column":42}},"6":{"start":{"line":12,"column":4},"end":{"line":12,"column":89}},"7":{"start":{"line":12,"column":33},"end":{"line":12,"column":89}},"8":{"start":{"line":13,"column":4},"end":{"line":13,"column":35}},"9":{"start":{"line":14,"column":4},"end":{"line":14,"column":16}},"10":{"start":{"line":18,"column":4},"end":{"line":18,"column":29}},"11":{"start":{"line":22,"column":4},"end":{"line":22,"column":25}},"12":{"start":{"line":26,"column":4},"end":{"line":26,"column":45}},"13":{"start":{"line":30,"column":4},"end":{"line":30,"column":102}},"14":{"start":{"line":30,"column":32},"end":{"line":30,"column":102}},"15":{"start":{"line":34,"column":4},"end":{"line":34,"column":31}},"16":{"start":{"line":35,"column":4},"end":{"line":35,"column":29}},"17":{"start":{"line":39,"column":4},"end":{"line":39,"column":34}},"18":{"start":{"line":43,"column":4},"end":{"line":43,"column":36}},"19":{"start":{"line":47,"column":4},"end":{"line":47,"column":53}},"20":{"start":{"line":47,"column":38},"end":{"line":47,"column":51}},"21":{"start":{"line":51,"column":4},"end":{"line":51,"column":30}},"22":{"start":{"line":55,"column":4},"end":{"line":55,"column":28}},"23":{"start":{"line":59,"column":4},"end":{"line":59,"column":31}},"24":{"start":{"line":60,"column":4},"end":{"line":60,"column":32}},"25":{"start":{"line":64,"column":22},"end":{"line":64,"column":47}},"26":{"start":{"line":65,"column":20},"end":{"line":65,"column":61}},"27":{"start":{"line":65,"column":45},"end":{"line":65,"column":60}},"28":{"start":{"line":66,"column":18},"end":{"line":66,"column":41}},"29":{"start":{"line":67,"column":4},"end":{"line":67,"column":28}},"30":{"start":{"line":71,"column":4},"end":{"line":71,"column":33}},"31":{"start":{"line":75,"column":20},"end":{"line":75,"column":22}},"32":{"start":{"line":76,"column":4},"end":{"line":78,"column":7}},"33":{"start":{"line":77,"column":6},"end":{"line":77,"column":41}},"34":{"start":{"line":77,"column":22},"end":{"line":77,"column":41}},"35":{"start":{"line":79,"column":4},"end":{"line":79,"column":52}},"36":{"start":{"line":84,"column":4},"end":{"line":86,"column":7}},"37":{"start":{"line":85,"column":6},"end":{"line":85,"column":46}},"38":{"start":{"line":85,"column":32},"end":{"line":85,"column":46}},"39":{"start":{"line":87,"column":4},"end":{"line":87,"column":18}},"40":{"start":{"line":91,"column":4},"end":{"line":91,"column":48}},"41":{"start":{"line":91,"column":33},"end":{"line":91,"column":46}},"42":{"start":{"line":95,"column":4},"end":{"line":95,"column":49}},"43":{"start":{"line":95,"column":33},"end":{"line":95,"column":47}},"44":{"start":{"line":99,"column":17},"end":{"line":99,"column":40}},"45":{"start":{"line":100,"column":4},"end":{"line":100,"column":35}},"46":{"start":{"line":100,"column":28},"end":{"line":100,"column":35}},"47":{"start":{"line":101,"column":4},"end":{"line":101,"column":20}},"48":{"start":{"line":105,"column":4},"end":{"line":105,"column":44}},"49":{"start":{"line":105,"column":27},"end":{"line":105,"column":42}},"50":{"start":{"line":109,"column":4},"end":{"line":109,"column":46}},"51":{"start":{"line":109,"column":27},"end":{"line":109,"column":44}},"52":{"start":{"line":113,"column":4},"end":{"line":113,"column":27}},"53":{"start":{"line":117,"column":13},"end":{"line":117,"column":42}},"54":{"start":{"line":119,"column":14},"end":{"line":119,"column":34}},"55":{"start":{"line":120,"column":14},"end":{"line":120,"column":36}},"56":{"start":{"line":121,"column":14},"end":{"line":121,"column":39}},"57":{"start":{"line":122,"column":14},"end":{"line":122,"column":37}},"58":{"start":{"line":123,"column":14},"end":{"line":123,"column":39}},"59":{"start":{"line":124,"column":14},"end":{"line":124,"column":49}},"60":{"start":{"line":126,"column":0},"end":{"line":126,"column":16}},"61":{"start":{"line":127,"column":0},"end":{"line":127,"column":16}},"62":{"start":{"line":128,"column":0},"end":{"line":128,"column":16}},"63":{"start":{"line":129,"column":0},"end":{"line":129,"column":16}},"64":{"start":{"line":130,"column":0},"end":{"line":130,"column":16}},"65":{"start":{"line":131,"column":0},"end":{"line":131,"column":16}},"66":{"start":{"line":136,"column":0},"end":{"line":136,"column":26}}},"fnMap":{"0":{"name":"(anonymous_0)","decl":{"start":{"line":4,"column":2},"end":{"line":4,"column":3}},"loc":{"start":{"line":4,"column":21},"end":{"line":7,"column":3}},"line":4},"1":{"name":"(anonymous_1)","decl":{"start":{"line":9,"column":2},"end":{"line":9,"column":3}},"loc":{"start":{"line":9,"column":15},"end":{"line":15,"column":3}},"line":9},"2":{"name":"(anonymous_2)","decl":{"start":{"line":10,"column":19},"end":{"line":10,"column":20}},"loc":{"start":{"line":10,"column":30},"end":{"line":10,"column":51}},"line":10},"3":{"name":"(anonymous_3)","decl":{"start":{"line":17,"column":2},"end":{"line":17,"column":3}},"loc":{"start":{"line":17,"column":9},"end":{"line":19,"column":3}},"line":17},"4":{"name":"(anonymous_4)","decl":{"start":{"line":21,"column":2},"end":{"line":21,"column":3}},"loc":{"start":{"line":21,"column":10},"end":{"line":23,"column":3}},"line":21},"5":{"name":"(anonymous_5)","decl":{"start":{"line":25,"column":2},"end":{"line":25,"column":3}},"loc":{"start":{"line":25,"column":9},"end":{"line":27,"column":3}},"line":25},"6":{"name":"(anonymous_6)","decl":{"start":{"line":33,"column":2},"end":{"line":33,"column":3}},"loc":{"start":{"line":33,"column":16},"end":{"line":36,"column":3}},"line":33},"7":{"name":"(anonymous_7)","decl":{"start":{"line":38,"column":2},"end":{"line":38,"column":3}},"loc":{"start":{"line":38,"column":20},"end":{"line":40,"column":3}},"line":38},"8":{"name":"(anonymous_8)","decl":{"start":{"line":42,"column":2},"end":{"line":42,"column":3}},"loc":{"start":{"line":42,"column":22},"end":{"line":44,"column":3}},"line":42},"9":{"name":"(anonymous_9)","decl":{"start":{"line":46,"column":2},"end":{"line":46,"column":3}},"loc":{"start":{"line":46,"column":11},"end":{"line":48,"column":3}},"line":46},"10":{"name":"(anonymous_10)","decl":{"start":{"line":47,"column":28},"end":{"line":47,"column":29}},"loc":{"start":{"line":47,"column":38},"end":{"line":47,"column":51}},"line":47},"11":{"name":"(anonymous_11)","decl":{"start":{"line":50,"column":2},"end":{"line":50,"column":3}},"loc":{"start":{"line":50,"column":10},"end":{"line":52,"column":3}},"line":50},"12":{"name":"(anonymous_12)","decl":{"start":{"line":54,"column":2},"end":{"line":54,"column":3}},"loc":{"start":{"line":54,"column":8},"end":{"line":56,"column":3}},"line":54},"13":{"name":"(anonymous_13)","decl":{"start":{"line":58,"column":2},"end":{"line":58,"column":3}},"loc":{"start":{"line":58,"column":18},"end":{"line":61,"column":3}},"line":58},"14":{"name":"(anonymous_14)","decl":{"start":{"line":63,"column":2},"end":{"line":63,"column":3}},"loc":{"start":{"line":63,"column":13},"end":{"line":68,"column":3}},"line":63},"15":{"name":"(anonymous_15)","decl":{"start":{"line":65,"column":35},"end":{"line":65,"column":36}},"loc":{"start":{"line":65,"column":45},"end":{"line":65,"column":60}},"line":65},"16":{"name":"(anonymous_16)","decl":{"start":{"line":70,"column":2},"end":{"line":70,"column":3}},"loc":{"start":{"line":70,"column":20},"end":{"line":72,"column":3}},"line":70},"17":{"name":"(anonymous_17)","decl":{"start":{"line":74,"column":2},"end":{"line":74,"column":3}},"loc":{"start":{"line":74,"column":15},"end":{"line":80,"column":3}},"line":74},"18":{"name":"(anonymous_18)","decl":{"start":{"line":76,"column":17},"end":{"line":76,"column":18}},"loc":{"start":{"line":76,"column":27},"end":{"line":78,"column":5}},"line":76},"19":{"name":"(anonymous_19)","decl":{"start":{"line":82,"column":2},"end":{"line":82,"column":3}},"loc":{"start":{"line":82,"column":21},"end":{"line":88,"column":3}},"line":82},"20":{"name":"(anonymous_20)","decl":{"start":{"line":84,"column":23},"end":{"line":84,"column":24}},"loc":{"start":{"line":84,"column":33},"end":{"line":86,"column":5}},"line":84},"21":{"name":"(anonymous_21)","decl":{"start":{"line":90,"column":2},"end":{"line":90,"column":3}},"loc":{"start":{"line":90,"column":12},"end":{"line":92,"column":3}},"line":90},"22":{"name":"(anonymous_22)","decl":{"start":{"line":91,"column":23},"end":{"line":91,"column":24}},"loc":{"start":{"line":91,"column":33},"end":{"line":91,"column":46}},"line":91},"23":{"name":"(anonymous_23)","decl":{"start":{"line":94,"column":2},"end":{"line":94,"column":3}},"loc":{"start":{"line":94,"column":15},"end":{"line":96,"column":3}},"line":94},"24":{"name":"(anonymous_24)","decl":{"start":{"line":95,"column":23},"end":{"line":95,"column":24}},"loc":{"start":{"line":95,"column":33},"end":{"line":95,"column":47}},"line":95},"25":{"name":"(anonymous_25)","decl":{"start":{"line":98,"column":2},"end":{"line":98,"column":3}},"loc":{"start":{"line":98,"column":18},"end":{"line":102,"column":3}},"line":98},"26":{"name":"(anonymous_26)","decl":{"start":{"line":104,"column":2},"end":{"line":104,"column":3}},"loc":{"start":{"line":104,"column":16},"end":{"line":106,"column":3}},"line":104},"27":{"name":"(anonymous_27)","decl":{"start":{"line":105,"column":17},"end":{"line":105,"column":18}},"loc":{"start":{"line":105,"column":27},"end":{"line":105,"column":42}},"line":105},"28":{"name":"(anonymous_28)","decl":{"start":{"line":108,"column":2},"end":{"line":108,"column":3}},"loc":{"start":{"line":108,"column":18},"end":{"line":110,"column":3}},"line":108},"29":{"name":"(anonymous_29)","decl":{"start":{"line":109,"column":17},"end":{"line":109,"column":18}},"loc":{"start":{"line":109,"column":27},"end":{"line":109,"column":44}},"line":109},"30":{"name":"(anonymous_30)","decl":{"start":{"line":112,"column":2},"end":{"line":112,"column":3}},"loc":{"start":{"line":112,"column":12},"end":{"line":114,"column":3}},"line":112}},"branchMap":{"0":{"loc":{"start":{"line":12,"column":4},"end":{"line":12,"column":89}},"type":"if","locations":[{"start":{"line":12,"column":4},"end":{"line":12,"column":89}},{"start":{},"end":{}}],"line":12},"1":{"loc":{"start":{"line":30,"column":4},"end":{"line":30,"column":102}},"type":"if","locations":[{"start":{"line":30,"column":4},"end":{"line":30,"column":102}},{"start":{},"end":{}}],"line":30},"2":{"loc":{"start":{"line":77,"column":6},"end":{"line":77,"column":41}},"type":"if","locations":[{"start":{"line":77,"column":6},"end":{"line":77,"column":41}},{"start":{},"end":{}}],"line":77},"3":{"loc":{"start":{"line":85,"column":6},"end":{"line":85,"column":46}},"type":"if","locations":[{"start":{"line":85,"column":6},"end":{"line":85,"column":46}},{"start":{},"end":{}}],"line":85},"4":{"loc":{"start":{"line":100,"column":4},"end":{"line":100,"column":35}},"type":"if","locations":[{"start":{"line":100,"column":4},"end":{"line":100,"column":35}},{"start":{},"end":{}}],"line":100}},"s":{"0":1,"1":21,"2":21,"3":65,"4":66,"5":65,"6":65,"7":1,"8":64,"9":64,"10":1,"11":1,"12":1,"13":9,"14":4,"15":7,"16":4,"17":2,"18":2,"19":3,"20":7,"21":1,"22":1,"23":2,"24":1,"25":3,"26":3,"27":9,"28":3,"29":3,"30":3,"31":1,"32":1,"33":3,"34":2,"35":1,"36":0,"37":0,"38":0,"39":0,"40":0,"41":0,"42":0,"43":0,"44":0,"45":0,"46":0,"47":0,"48":1,"49":3,"50":0,"51":0,"52":9,"53":1,"54":1,"55":1,"56":1,"57":1,"58":1,"59":1,"60":1,"61":1,"62":1,"63":1,"64":1,"65":1,"66":1},"f":{"0":21,"1":65,"2":66,"3":1,"4":1,"5":1,"6":7,"7":2,"8":2,"9":3,"10":7,"11":1,"12":1,"13":2,"14":3,"15":9,"16":3,"17":1,"18":3,"19":0,"20":0,"21":0,"22":0,"23":0,"24":0,"25":0,"26":1,"27":3,"28":0,"29":0,"30":9},"b":{"0":[1,64],"1":[4,5],"2":[2,1],"3":[0,0],"4":[0,0]},"_coverageSchema":"1a1c01bbd47fc00a2c39e90264f33305004495a9","hash":"ed54468183551cab9d9dd5496c13e5eb814e8251"}
}
