TN:
SF:classes/Todo.js
FN:2,(anonymous_0)
FN:7,(anonymous_1)
FN:14,(anonymous_2)
FN:19,(anonymous_3)
FN:24,(anonymous_4)
FN:28,(anonymous_5)
FN:32,(anonymous_6)
FN:36,(anonymous_7)
FNF:8
FNH:5
FNDA:0,(anonymous_0)
FNDA:0,(anonymous_1)
FNDA:66,(anonymous_2)
FNDA:9,(anonymous_3)
FNDA:14,(anonymous_4)
FNDA:1,(anonymous_5)
FNDA:21,(anonymous_6)
FNDA:0,(anonymous_7)
DA:3,0
DA:4,0
DA:5,0
DA:6,0
DA:7,0
DA:10,1
DA:12,1
DA:15,66
DA:16,66
DA:20,9
DA:21,9
DA:25,14
DA:29,1
DA:33,21
DA:37,0
DA:41,1
DA:42,1
DA:43,1
DA:54,1
LF:19
LH:13
BRDA:3,0,0,0
BRDA:3,0,1,0
BRDA:4,1,0,0
BRDA:4,1,1,0
BRDA:20,2,0,4
BRDA:20,2,1,5
BRF:6
BRH:2
end_of_record
TN:
SF:classes/TodoList.js
FN:4,(anonymous_0)
FN:9,(anonymous_1)
FN:10,(anonymous_2)
FN:17,(anonymous_3)
FN:21,(anonymous_4)
FN:25,(anonymous_5)
FN:33,(anonymous_6)
FN:38,(anonymous_7)
FN:42,(anonymous_8)
FN:46,(anonymous_9)
FN:47,(anonymous_10)
FN:50,(anonymous_11)
FN:54,(anonymous_12)
FN:58,(anonymous_13)
FN:63,(anonymous_14)
FN:65,(anonymous_15)
FN:70,(anonymous_16)
FN:74,(anonymous_17)
FN:76,(anonymous_18)
FN:82,(anonymous_19)
FN:84,(anonymous_20)
FN:90,(anonymous_21)
FN:91,(anonymous_22)
FN:94,(anonymous_23)
FN:95,(anonymous_24)
FN:98,(anonymous_25)
FN:104,(anonymous_26)
FN:105,(anonymous_27)
FN:108,(anonymous_28)
FN:109,(anonymous_29)
FN:112,(anonymous_30)
FNF:31
FNH:22
FNDA:21,(anonymous_0)
FNDA:65,(anonymous_1)
FNDA:66,(anonymous_2)
FNDA:1,(anonymous_3)
FNDA:1,(anonymous_4)
FNDA:1,(anonymous_5)
FNDA:7,(anonymous_6)
FNDA:2,(anonymous_7)
FNDA:2,(anonymous_8)
FNDA:3,(anonymous_9)
FNDA:7,(anonymous_10)
FNDA:1,(anonymous_11)
FNDA:1,(anonymous_12)
FNDA:2,(anonymous_13)
FNDA:3,(anonymous_14)
FNDA:9,(anonymous_15)
FNDA:3,(anonymous_16)
FNDA:1,(anonymous_17)
FNDA:3,(anonymous_18)
FNDA:0,(anonymous_19)
FNDA:0,(anonymous_20)
FNDA:0,(anonymous_21)
FNDA:0,(anonymous_22)
FNDA:0,(anonymous_23)
FNDA:0,(anonymous_24)
FNDA:0,(anonymous_25)
FNDA:1,(anonymous_26)
FNDA:3,(anonymous_27)
FNDA:0,(anonymous_28)
FNDA:0,(anonymous_29)
FNDA:9,(anonymous_30)
DA:1,1
DA:5,21
DA:6,21
DA:10,66
DA:11,65
DA:12,65
DA:13,64
DA:14,64
DA:18,1
DA:22,1
DA:26,1
DA:30,9
DA:34,7
DA:35,4
DA:39,2
DA:43,2
DA:47,7
DA:51,1
DA:55,1
DA:59,2
DA:60,1
DA:64,3
DA:65,9
DA:66,3
DA:67,3
DA:71,3
DA:75,1
DA:76,1
DA:77,3
DA:79,1
DA:84,0
DA:85,0
DA:87,0
DA:91,0
DA:95,0
DA:99,0
DA:100,0
DA:101,0
DA:105,3
DA:109,0
DA:113,9
DA:117,1
DA:119,1
DA:120,1
DA:121,1
DA:122,1
DA:123,1
DA:124,1
DA:126,1
DA:127,1
DA:128,1
DA:129,1
DA:130,1
DA:131,1
DA:136,1
LF:55
LH:46
BRDA:12,0,0,1
BRDA:12,0,1,64
BRDA:30,1,0,4
BRDA:30,1,1,5
BRDA:77,2,0,2
BRDA:77,2,1,1
BRDA:85,3,0,0
BRDA:85,3,1,0
BRDA:100,4,0,0
BRDA:100,4,1,0
BRF:10
BRH:6
end_of_record
